<?xml version="1.0" encoding="UTF-8"?>
<!-- Generated by org.testng.reporters.JUnitReportReporter -->
<testsuite hostname="DESKTOP-UDNU74E" failures="0" tests="1" name="DemoPackage.DemoClass" time="0.036" errors="0" timestamp="2025-06-12T02:54:54 PDT" skipped="0">
  <testcase classname="DemoPackage.DemoClass" name="checkTitle" time="0.036"/>
</testsuite> <!-- DemoPackage.DemoClass -->
