<?xml version="1.0" encoding="UTF-8"?>
<!-- Generated by org.testng.reporters.JUnitReportReporter -->
<testsuite hostname="DESKTOP-UDNU74E" failures="0" tests="1" name="DemoPackage.logintest" time="26.641" errors="0" timestamp="2025-06-22T22:10:17 PDT" skipped="0">
  <testcase classname="DemoPackage.logintest" name="runAllLoginTests" time="26.641"/>
</testsuite> <!-- DemoPackage.logintest -->
