<?xml version="1.0" encoding="UTF-8"?>
<!-- Generated by org.testng.reporters.JUnitReportReporter -->
<testsuite hostname="DESKTOP-UDNU74E" failures="0" tests="1" name="DemoPackage.logintest" time="21.328" errors="0" timestamp="2025-06-23T01:38:47 PDT" skipped="0">
  <testcase classname="DemoPackage.logintest" name="runAllLoginTests" time="21.328"/>
</testsuite> <!-- DemoPackage.logintest -->
