<?xml version="1.0" encoding="UTF-8"?>
<!-- Generated by org.testng.reporters.JUnitReportReporter -->
<testsuite hostname="DESKTOP-UDNU74E" failures="0" tests="1" name="DemoPackage.logintest" time="46.624" errors="0" timestamp="2025-07-10T16:07:10 GMT+05:00" skipped="0">
  <testcase classname="DemoPackage.logintest" name="runAllLoginTests" time="46.624"/>
</testsuite> <!-- DemoPackage.logintest -->
