<?xml version="1.0" encoding="UTF-8"?>
<!-- Generated by org.testng.reporters.JUnitReportReporter -->
<testsuite hostname="DESKTOP-UDNU74E" failures="0" tests="1" name="DemoPackage.logintest" time="20.568" errors="0" timestamp="2025-06-23T00:40:42 PDT" skipped="0">
  <testcase classname="DemoPackage.logintest" name="runAllLoginTests" time="20.568"/>
</testsuite> <!-- DemoPackage.logintest -->
