<?xml version="1.0" encoding="UTF-8"?>
<!-- Generated by org.testng.reporters.JUnitReportReporter -->
<testsuite hostname="DESKTOP-UDNU74E" failures="0" tests="1" name="DemoPackage.ExtentReport" time="12.692" errors="0" timestamp="2025-07-10T12:28:48 GMT+05:00" skipped="0">
  <testcase classname="DemoPackage.ExtentReport" name="searchW3Schools" time="12.692"/>
</testsuite> <!-- DemoPackage.ExtentReport -->
