<?xml version="1.0" encoding="UTF-8"?>
<!-- Generated by org.testng.reporters.JUnitReportReporter -->
<testsuite hostname="DESKTOP-UDNU74E" failures="0" tests="1" name="DemoPackage.ExtentReport" time="4.349" errors="0" timestamp="2025-06-18T00:04:26 PDT" skipped="0">
  <testcase classname="DemoPackage.ExtentReport" name="searchW3Schools" time="4.349"/>
</testsuite> <!-- DemoPackage.ExtentReport -->
