<?xml version="1.0" encoding="UTF-8"?>
<!-- Generated by org.testng.reporters.JUnitReportReporter -->
<testsuite hostname="DESKTOP-UDNU74E" failures="0" tests="1" name="DemoPackage.DemoClass" time="0.100" errors="0" timestamp="2025-07-10T10:18:50 GMT+05:00" skipped="0">
  <testcase classname="DemoPackage.DemoClass" name="checkTitle" time="0.100"/>
</testsuite> <!-- DemoPackage.DemoClass -->
