<?xml version="1.0" encoding="UTF-8"?>
<!-- Generated by org.testng.reporters.JUnitReportReporter -->
<testsuite hostname="DESKTOP-UDNU74E" failures="0" tests="6" name="DemoPackage.LoginTests" time="126.052" errors="0" timestamp="2025-07-14T12:06:43 GMT+05:00" skipped="0">
  <testcase classname="DemoPackage.LoginTests" name="validLogin" time="16.323"/>
  <testcase classname="DemoPackage.LoginTests" name="emptyEmail" time="23.289"/>
  <testcase classname="DemoPackage.LoginTests" name="sqlInjectionLogin" time="16.353"/>
  <testcase classname="DemoPackage.LoginTests" name="invalidEmail" time="25.795"/>
  <testcase classname="DemoPackage.LoginTests" name="invalidPassword" time="16.569"/>
  <testcase classname="DemoPackage.LoginTests" name="emptyPassword" time="27.723"/>
</testsuite> <!-- DemoPackage.LoginTests -->
