<?xml version="1.0" encoding="UTF-8"?>
<!-- Generated by org.testng.reporters.JUnitReportReporter -->
<testsuite hostname="DESKTOP-UDNU74E" failures="0" tests="3" name="DemoPackage.orangehrmlogintest" time="24.574" errors="0" timestamp="2025-06-22T23:27:49 PDT" skipped="0">
  <testcase classname="DemoPackage.orangehrmlogintest" name="testInvalidEmail" time="6.642"/>
  <testcase classname="DemoPackage.orangehrmlogintest" name="testInvalidPassword" time="5.678"/>
  <testcase classname="DemoPackage.orangehrmlogintest" name="testValidLogin" time="12.254"/>
</testsuite> <!-- DemoPackage.orangehrmlogintest -->
