<?xml version="1.0" encoding="UTF-8"?>
<!-- Generated by org.testng.reporters.JUnitReportReporter -->
<testsuite hostname="DESKTOP-UDNU74E" failures="0" tests="1" name="DemoPackage.tptriftlogin" time="13.697" errors="0" timestamp="2025-07-10T12:42:28 GMT+05:00" skipped="0">
  <testcase classname="DemoPackage.tptriftlogin" name="runLoginScenarios" time="13.697"/>
</testsuite> <!-- DemoPackage.tptriftlogin -->
