<?xml version="1.0" encoding="UTF-8"?>
<!-- Generated by org.testng.reporters.JUnitReportReporter -->
<testsuite hostname="DESKTOP-UDNU74E" failures="0" tests="3" name="DemoPackage.fulltp" time="93.103" errors="0" timestamp="2025-08-04T11:47:53 GMT+05:00" skipped="0">
  <testcase classname="DemoPackage.fulltp" name="forgotPasswordTests" time="46.717"/>
  <testcase classname="DemoPackage.fulltp" name="loginNegativeTests" time="17.554"/>
  <testcase classname="DemoPackage.fulltp" name="successfulLoginAndWithdrawal" time="28.832"/>
</testsuite> <!-- DemoPackage.fulltp -->
