<?xml version="1.0" encoding="UTF-8"?>
<!-- Generated by org.testng.reporters.JUnitReportReporter -->
<testsuite hostname="DESKTOP-UDNU74E" failures="0" tests="2" name="DemoPackage.e2efullflow" time="39.696" errors="0" timestamp="2025-07-31T12:34:46 GMT+05:00" skipped="0">
  <testcase classname="DemoPackage.e2efullflow" name="loginTests" time="20.628"/>
  <testcase classname="DemoPackage.e2efullflow" name="branchTests" time="19.068"/>
</testsuite> <!-- DemoPackage.e2efullflow -->
